<?xml version="1.0" encoding="UTF-8"?>
<testng-results ignored="0" total="1" passed="1" failed="0" skipped="0">
  <reporter-output>
    <line>
      <![CDATA[Opening browser ]]>
    </line>
    <line>
      <![CDATA[clicking on gender button ]]>
    </line>
    <line>
      <![CDATA[clicking on next button ]]>
    </line>
    <line>
      <![CDATA[Handeling age drop down ]]>
    </line>
    <line>
      <![CDATA[Clicking on next button ]]>
    </line>
    <line>
      <![CDATA[Entering pin code ]]>
    </line>
    <line>
      <![CDATA[Entering mobile num ]]>
    </line>
    <line>
      <![CDATA[Clicking on continue button ]]>
    </line>
    <line>
      <![CDATA[TC validateTestPlansFromTextAndBanners execution is started]]>
    </line>
    <line>
      <![CDATA[Fetching number of results from text ]]>
    </line>
    <line>
      <![CDATA[Fetching number of results from Banners ]]>
    </line>
    <line>
      <![CDATA[TC validateTestPlansFromTextAndBanners is completed successfully]]>
    </line>
    <line>
      <![CDATA[Closing browser ]]>
    </line>
  </reporter-output>
  <suite started-at="2024-01-12T12:39:45 IST" name="Suite" finished-at="2024-01-12T12:40:27 IST" duration-ms="42154">
    <groups>
    </groups>
    <test started-at="2024-01-12T12:39:45 IST" name="Test" finished-at="2024-01-12T12:40:27 IST" duration-ms="42154">
      <class name="coverFoxUsingTestNg.CF_TC555_Validate_search_results_for_healthcare_policies">
        <test-method is-config="true" signature="launchBrowser()[pri:0, instance:coverFoxUsingTestNg.CF_TC555_Validate_search_results_for_healthcare_policies@a514af7]" started-at="2024-01-12T12:39:45 IST" name="launchBrowser" finished-at="2024-01-12T12:40:01 IST" duration-ms="15984" status="PASS">
          <reporter-output>
            <line>
              <![CDATA[Opening browser ]]>
            </line>
          </reporter-output>
        </test-method> <!-- launchBrowser -->
        <test-method is-config="true" signature="enterMemeberDeatils()[pri:0, instance:coverFoxUsingTestNg.CF_TC555_Validate_search_results_for_healthcare_policies@a514af7]" started-at="2024-01-12T12:40:01 IST" name="enterMemeberDeatils" finished-at="2024-01-12T12:40:09 IST" duration-ms="8169" status="PASS">
          <reporter-output>
            <line>
              <![CDATA[clicking on gender button ]]>
            </line>
            <line>
              <![CDATA[clicking on next button ]]>
            </line>
            <line>
              <![CDATA[Handeling age drop down ]]>
            </line>
            <line>
              <![CDATA[Clicking on next button ]]>
            </line>
            <line>
              <![CDATA[Entering pin code ]]>
            </line>
            <line>
              <![CDATA[Entering mobile num ]]>
            </line>
            <line>
              <![CDATA[Clicking on continue button ]]>
            </line>
          </reporter-output>
        </test-method> <!-- enterMemeberDeatils -->
        <test-method signature="validateTestPlansFromTextAndBanners()[pri:0, instance:coverFoxUsingTestNg.CF_TC555_Validate_search_results_for_healthcare_policies@a514af7]" started-at="2024-01-12T12:40:09 IST" name="validateTestPlansFromTextAndBanners" finished-at="2024-01-12T12:40:22 IST" duration-ms="13172" status="PASS">
          <reporter-output>
            <line>
              <![CDATA[TC validateTestPlansFromTextAndBanners execution is started]]>
            </line>
            <line>
              <![CDATA[Fetching number of results from text ]]>
            </line>
            <line>
              <![CDATA[Fetching number of results from Banners ]]>
            </line>
            <line>
              <![CDATA[TC validateTestPlansFromTextAndBanners is completed successfully]]>
            </line>
          </reporter-output>
        </test-method> <!-- validateTestPlansFromTextAndBanners -->
        <test-method is-config="true" signature="closeBrowser()[pri:0, instance:coverFoxUsingTestNg.CF_TC555_Validate_search_results_for_healthcare_policies@a514af7]" started-at="2024-01-12T12:40:22 IST" name="closeBrowser" finished-at="2024-01-12T12:40:27 IST" duration-ms="4633" status="PASS">
          <reporter-output>
            <line>
              <![CDATA[Closing browser ]]>
            </line>
          </reporter-output>
        </test-method> <!-- closeBrowser -->
      </class> <!-- coverFoxUsingTestNg.CF_TC555_Validate_search_results_for_healthcare_policies -->
    </test> <!-- Test -->
  </suite> <!-- Suite -->
</testng-results>
